
10월 08, 2021 16:21:49.385 NEW SESSION
10월 08, 2021 16:21:49.385 [8280:3924:1008/162149.379:ERROR:chrome_browser_main_extra_parts_metrics.cc(228)] crbug.com/1216328: Checking Bluetooth availability started. Please report if there is no report that this ends.
10월 08, 2021 16:21:49.387 [8280:3924:1008/162149.379:ERROR:chrome_browser_main_extra_parts_metrics.cc(231)] crbug.com/1216328: Checking Bluetooth availability ended.
10월 08, 2021 16:21:49.388 [8280:3924:1008/162149.379:ERROR:chrome_browser_main_extra_parts_metrics.cc(234)] crbug.com/1216328: Checking default browser status started. Please report if there is no report that this ends.
10월 08, 2021 16:21:49.390 [8280:3924:1008/162149.383:ERROR:chrome_browser_main_extra_parts_metrics.cc(238)] crbug.com/1216328: Checking default browser status ended.
10월 08, 2021 16:21:49.411 [8280:3340:1008/162149.411:ERROR:device_event_log_impl.cc(214)] [16:21:49.410] Bluetooth: bluetooth_adapter_winrt.cc:1073 Getting Default Adapter failed.
10월 08, 2021 16:22:05.204 [7288:12344:1008/162205.203:ERROR:chrome_browser_main_extra_parts_metrics.cc(228)] crbug.com/1216328: Checking Bluetooth availability started. Please report if there is no report that this ends.
10월 08, 2021 16:22:05.206 [7288:12344:1008/162205.203:ERROR:chrome_browser_main_extra_parts_metrics.cc(231)] crbug.com/1216328: Checking Bluetooth availability ended.
10월 08, 2021 16:22:05.207 [7288:12344:1008/162205.203:ERROR:chrome_browser_main_extra_parts_metrics.cc(234)] crbug.com/1216328: Checking default browser status started. Please report if there is no report that this ends.
10월 08, 2021 16:22:05.209 [7288:12344:1008/162205.208:ERROR:chrome_browser_main_extra_parts_metrics.cc(238)] crbug.com/1216328: Checking default browser status ended.
10월 08, 2021 16:22:05.243 [7288:5452:1008/162205.243:ERROR:device_event_log_impl.cc(214)] [16:22:05.244] Bluetooth: bluetooth_adapter_winrt.cc:1073 Getting Default Adapter failed.
10월 08, 2021 16:31:03.195 [11964:11044:1008/163103.194:ERROR:chrome_browser_main_extra_parts_metrics.cc(228)] crbug.com/1216328: Checking Bluetooth availability started. Please report if there is no report that this ends.
10월 08, 2021 16:31:03.197 [11964:11044:1008/163103.195:ERROR:chrome_browser_main_extra_parts_metrics.cc(231)] crbug.com/1216328: Checking Bluetooth availability ended.
10월 08, 2021 16:31:03.198 [11964:11044:1008/163103.195:ERROR:chrome_browser_main_extra_parts_metrics.cc(234)] crbug.com/1216328: Checking default browser status started. Please report if there is no report that this ends.
10월 08, 2021 16:31:03.199 [11964:11044:1008/163103.198:ERROR:chrome_browser_main_extra_parts_metrics.cc(238)] crbug.com/1216328: Checking default browser status ended.
10월 08, 2021 16:31:03.235 [11964:5224:1008/163103.235:ERROR:device_event_log_impl.cc(214)] [16:31:03.234] Bluetooth: bluetooth_adapter_winrt.cc:1073 Getting Default Adapter failed.
10월 08, 2021 16:31:14.185 [5176:8224:1008/163114.184:ERROR:chrome_browser_main_extra_parts_metrics.cc(228)] crbug.com/1216328: Checking Bluetooth availability started. Please report if there is no report that this ends.
10월 08, 2021 16:31:14.186 [5176:8224:1008/163114.184:ERROR:chrome_browser_main_extra_parts_metrics.cc(231)] crbug.com/1216328: Checking Bluetooth availability ended.
10월 08, 2021 16:31:14.187 [5176:8224:1008/163114.184:ERROR:chrome_browser_main_extra_parts_metrics.cc(234)] crbug.com/1216328: Checking default browser status started. Please report if there is no report that this ends.
10월 08, 2021 16:31:14.189 [5176:8224:1008/163114.188:ERROR:chrome_browser_main_extra_parts_metrics.cc(238)] crbug.com/1216328: Checking default browser status ended.
10월 08, 2021 16:31:14.219 [5176:940:1008/163114.219:ERROR:device_event_log_impl.cc(214)] [16:31:14.218] Bluetooth: bluetooth_adapter_winrt.cc:1073 Getting Default Adapter failed.
10월 08, 2021 16:31:41.65 [9196:7740:1008/163141.065:ERROR:chrome_browser_main_extra_parts_metrics.cc(228)] crbug.com/1216328: Checking Bluetooth availability started. Please report if there is no report that this ends.
10월 08, 2021 16:31:41.67 [9196:7740:1008/163141.065:ERROR:chrome_browser_main_extra_parts_metrics.cc(231)] crbug.com/1216328: Checking Bluetooth availability ended.
10월 08, 2021 16:31:41.68 [9196:7740:1008/163141.065:ERROR:chrome_browser_main_extra_parts_metrics.cc(234)] crbug.com/1216328: Checking default browser status started. Please report if there is no report that this ends.
10월 08, 2021 16:31:41.70 [9196:7740:1008/163141.070:ERROR:chrome_browser_main_extra_parts_metrics.cc(238)] crbug.com/1216328: Checking default browser status ended.
10월 08, 2021 16:31:41.98 [9196:12464:1008/163141.098:ERROR:device_event_log_impl.cc(214)] [16:31:41.097] Bluetooth: bluetooth_adapter_winrt.cc:1073 Getting Default Adapter failed.
10월 08, 2021 16:31:52.229 [11608:9924:1008/163152.228:ERROR:chrome_browser_main_extra_parts_metrics.cc(228)] crbug.com/1216328: Checking Bluetooth availability started. Please report if there is no report that this ends.
10월 08, 2021 16:31:52.231 [11608:9924:1008/163152.229:ERROR:chrome_browser_main_extra_parts_metrics.cc(231)] crbug.com/1216328: Checking Bluetooth availability ended.
10월 08, 2021 16:31:52.232 [11608:9924:1008/163152.229:ERROR:chrome_browser_main_extra_parts_metrics.cc(234)] crbug.com/1216328: Checking default browser status started. Please report if there is no report that this ends.
10월 08, 2021 16:31:52.234 [11608:9924:1008/163152.233:ERROR:chrome_browser_main_extra_parts_metrics.cc(238)] crbug.com/1216328: Checking default browser status ended.
10월 08, 2021 16:31:52.264 [11608:6600:1008/163152.263:ERROR:device_event_log_impl.cc(214)] [16:31:52.263] Bluetooth: bluetooth_adapter_winrt.cc:1073 Getting Default Adapter failed.
10월 08, 2021 16:32:13.130 [10284:5200:1008/163213.129:ERROR:chrome_browser_main_extra_parts_metrics.cc(228)] crbug.com/1216328: Checking Bluetooth availability started. Please report if there is no report that this ends.
10월 08, 2021 16:32:13.132 [10284:5200:1008/163213.130:ERROR:chrome_browser_main_extra_parts_metrics.cc(231)] crbug.com/1216328: Checking Bluetooth availability ended.
10월 08, 2021 16:32:13.133 [10284:5200:1008/163213.130:ERROR:chrome_browser_main_extra_parts_metrics.cc(234)] crbug.com/1216328: Checking default browser status started. Please report if there is no report that this ends.
10월 08, 2021 16:32:13.135 [10284:5200:1008/163213.135:ERROR:chrome_browser_main_extra_parts_metrics.cc(238)] crbug.com/1216328: Checking default browser status ended.
10월 08, 2021 16:32:13.166 [10284:6700:1008/163213.166:ERROR:device_event_log_impl.cc(214)] [16:32:13.166] Bluetooth: bluetooth_adapter_winrt.cc:1073 Getting Default Adapter failed.
10월 08, 2021 16:32:35.309 [6900:3648:1008/163235.308:ERROR:chrome_browser_main_extra_parts_metrics.cc(228)] crbug.com/1216328: Checking Bluetooth availability started. Please report if there is no report that this ends.
10월 08, 2021 16:32:35.310 [6900:3648:1008/163235.308:ERROR:chrome_browser_main_extra_parts_metrics.cc(231)] crbug.com/1216328: Checking Bluetooth availability ended.
10월 08, 2021 16:32:35.312 [6900:3648:1008/163235.308:ERROR:chrome_browser_main_extra_parts_metrics.cc(234)] crbug.com/1216328: Checking default browser status started. Please report if there is no report that this ends.
10월 08, 2021 16:32:35.314 [6900:3648:1008/163235.313:ERROR:chrome_browser_main_extra_parts_metrics.cc(238)] crbug.com/1216328: Checking default browser status ended.
10월 08, 2021 16:32:35.341 [6900:12700:1008/163235.341:ERROR:device_event_log_impl.cc(214)] [16:32:35.341] Bluetooth: bluetooth_adapter_winrt.cc:1073 Getting Default Adapter failed.
10월 08, 2021 16:33:16.39 [13156:10672:1008/163316.038:ERROR:chrome_browser_main_extra_parts_metrics.cc(228)] crbug.com/1216328: Checking Bluetooth availability started. Please report if there is no report that this ends.
10월 08, 2021 16:33:16.40 [13156:10672:1008/163316.038:ERROR:chrome_browser_main_extra_parts_metrics.cc(231)] crbug.com/1216328: Checking Bluetooth availability ended.
10월 08, 2021 16:33:16.41 [13156:10672:1008/163316.038:ERROR:chrome_browser_main_extra_parts_metrics.cc(234)] crbug.com/1216328: Checking default browser status started. Please report if there is no report that this ends.
10월 08, 2021 16:33:16.44 [13156:10672:1008/163316.043:ERROR:chrome_browser_main_extra_parts_metrics.cc(238)] crbug.com/1216328: Checking default browser status ended.
10월 08, 2021 16:33:16.75 [13156:2720:1008/163316.075:ERROR:device_event_log_impl.cc(214)] [16:33:16.075] Bluetooth: bluetooth_adapter_winrt.cc:1073 Getting Default Adapter failed.
10월 08, 2021 16:33:31.560 [7972:10760:1008/163331.560:ERROR:chrome_browser_main_extra_parts_metrics.cc(228)] crbug.com/1216328: Checking Bluetooth availability started. Please report if there is no report that this ends.
10월 08, 2021 16:33:31.562 [7972:10760:1008/163331.560:ERROR:chrome_browser_main_extra_parts_metrics.cc(231)] crbug.com/1216328: Checking Bluetooth availability ended.
10월 08, 2021 16:33:31.563 [7972:10760:1008/163331.560:ERROR:chrome_browser_main_extra_parts_metrics.cc(234)] crbug.com/1216328: Checking default browser status started. Please report if there is no report that this ends.
10월 08, 2021 16:33:31.565 [7972:10760:1008/163331.564:ERROR:chrome_browser_main_extra_parts_metrics.cc(238)] crbug.com/1216328: Checking default browser status ended.
10월 08, 2021 16:33:31.592 [7972:9864:1008/163331.591:ERROR:device_event_log_impl.cc(214)] [16:33:31.591] Bluetooth: bluetooth_adapter_winrt.cc:1073 Getting Default Adapter failed.
10월 08, 2021 16:34:39.712 [5748:1816:1008/163439.712:ERROR:chrome_browser_main_extra_parts_metrics.cc(228)] crbug.com/1216328: Checking Bluetooth availability started. Please report if there is no report that this ends.
10월 08, 2021 16:34:39.712 [5748:1816:1008/163439.712:ERROR:chrome_browser_main_extra_parts_metrics.cc(231)] crbug.com/1216328: Checking Bluetooth availability ended.
10월 08, 2021 16:34:39.712 [5748:1816:1008/163439.712:ERROR:chrome_browser_main_extra_parts_metrics.cc(234)] crbug.com/1216328: Checking default browser status started. Please report if there is no report that this ends.
10월 08, 2021 16:34:39.713 [5748:1816:1008/163439.713:ERROR:chrome_browser_main_extra_parts_metrics.cc(238)] crbug.com/1216328: Checking default browser status ended.
10월 08, 2021 16:34:39.721 [5748:12756:1008/163439.721:ERROR:device_event_log_impl.cc(214)] [16:34:39.721] Bluetooth: bluetooth_adapter_winrt.cc:1073 Getting Default Adapter failed.
10월 08, 2021 16:38:31.510 [2476:4344:1008/163831.509:ERROR:chrome_browser_main_extra_parts_metrics.cc(228)] crbug.com/1216328: Checking Bluetooth availability started. Please report if there is no report that this ends.
10월 08, 2021 16:38:31.512 [2476:4344:1008/163831.509:ERROR:chrome_browser_main_extra_parts_metrics.cc(231)] crbug.com/1216328: Checking Bluetooth availability ended.
10월 08, 2021 16:38:31.513 [2476:4344:1008/163831.509:ERROR:chrome_browser_main_extra_parts_metrics.cc(234)] crbug.com/1216328: Checking default browser status started. Please report if there is no report that this ends.
10월 08, 2021 16:38:31.514 [2476:4344:1008/163831.513:ERROR:chrome_browser_main_extra_parts_metrics.cc(238)] crbug.com/1216328: Checking default browser status ended.
10월 08, 2021 16:38:31.554 [2476:9880:1008/163831.554:ERROR:device_event_log_impl.cc(214)] [16:38:31.554] Bluetooth: bluetooth_adapter_winrt.cc:1073 Getting Default Adapter failed.
10월 08, 2021 16:39:40.483 [12236:7476:1008/163940.482:ERROR:chrome_browser_main_extra_parts_metrics.cc(228)] crbug.com/1216328: Checking Bluetooth availability started. Please report if there is no report that this ends.
10월 08, 2021 16:39:40.484 [12236:7476:1008/163940.482:ERROR:chrome_browser_main_extra_parts_metrics.cc(231)] crbug.com/1216328: Checking Bluetooth availability ended.
10월 08, 2021 16:39:40.485 [12236:7476:1008/163940.482:ERROR:chrome_browser_main_extra_parts_metrics.cc(234)] crbug.com/1216328: Checking default browser status started. Please report if there is no report that this ends.
10월 08, 2021 16:39:40.488 [12236:7476:1008/163940.487:ERROR:chrome_browser_main_extra_parts_metrics.cc(238)] crbug.com/1216328: Checking default browser status ended.
10월 08, 2021 16:39:40.526 [12236:8520:1008/163940.526:ERROR:device_event_log_impl.cc(214)] [16:39:40.526] Bluetooth: bluetooth_adapter_winrt.cc:1073 Getting Default Adapter failed.
10월 08, 2021 16:40:35.347 [10872:11036:1008/164035.347:ERROR:chrome_browser_main_extra_parts_metrics.cc(228)] crbug.com/1216328: Checking Bluetooth availability started. Please report if there is no report that this ends.
10월 08, 2021 16:40:35.347 [10872:11036:1008/164035.347:ERROR:chrome_browser_main_extra_parts_metrics.cc(231)] crbug.com/1216328: Checking Bluetooth availability ended.
10월 08, 2021 16:40:35.348 [10872:11036:1008/164035.347:ERROR:chrome_browser_main_extra_parts_metrics.cc(234)] crbug.com/1216328: Checking default browser status started. Please report if there is no report that this ends.
10월 08, 2021 16:40:35.348 [10872:11036:1008/164035.348:ERROR:chrome_browser_main_extra_parts_metrics.cc(238)] crbug.com/1216328: Checking default browser status ended.
10월 08, 2021 16:40:35.357 [10872:7404:1008/164035.357:ERROR:device_event_log_impl.cc(214)] [16:40:35.357] Bluetooth: bluetooth_adapter_winrt.cc:1073 Getting Default Adapter failed.
10월 08, 2021 16:41:40.346 [10548:9948:1008/164140.345:ERROR:chrome_browser_main_extra_parts_metrics.cc(228)] crbug.com/1216328: Checking Bluetooth availability started. Please report if there is no report that this ends.
10월 08, 2021 16:41:40.347 [10548:9948:1008/164140.345:ERROR:chrome_browser_main_extra_parts_metrics.cc(231)] crbug.com/1216328: Checking Bluetooth availability ended.
10월 08, 2021 16:41:40.348 [10548:9948:1008/164140.345:ERROR:chrome_browser_main_extra_parts_metrics.cc(234)] crbug.com/1216328: Checking default browser status started. Please report if there is no report that this ends.
10월 08, 2021 16:41:40.351 [10548:9948:1008/164140.350:ERROR:chrome_browser_main_extra_parts_metrics.cc(238)] crbug.com/1216328: Checking default browser status ended.
10월 08, 2021 16:41:40.377 [10548:6396:1008/164140.377:ERROR:device_event_log_impl.cc(214)] [16:41:40.378] Bluetooth: bluetooth_adapter_winrt.cc:1073 Getting Default Adapter failed.

10월 10, 2021 14:19:41.250 NEW SESSION
10월 10, 2021 14:19:41.250 [13824:3736:1010/141941.230:ERROR:chrome_browser_main_extra_parts_metrics.cc(228)] crbug.com/1216328: Checking Bluetooth availability started. Please report if there is no report that this ends.
10월 10, 2021 14:19:41.251 [13824:3736:1010/141941.230:ERROR:chrome_browser_main_extra_parts_metrics.cc(231)] crbug.com/1216328: Checking Bluetooth availability ended.
10월 10, 2021 14:19:41.251 [13824:3736:1010/141941.230:ERROR:chrome_browser_main_extra_parts_metrics.cc(234)] crbug.com/1216328: Checking default browser status started. Please report if there is no report that this ends.
10월 10, 2021 14:19:41.251 [13824:3736:1010/141941.234:ERROR:chrome_browser_main_extra_parts_metrics.cc(238)] crbug.com/1216328: Checking default browser status ended.
10월 10, 2021 14:19:41.251 [13824:4952:1010/141941.246:ERROR:device_event_log_impl.cc(214)] [14:19:41.245] Bluetooth: bluetooth_adapter_winrt.cc:1073 Getting Default Adapter failed.

10월 14, 2021 20:45:37.394 NEW SESSION
10월 14, 2021 20:45:37.394 [752:18392:1014/204537.385:ERROR:chrome_browser_main_extra_parts_metrics.cc(228)] crbug.com/1216328: Checking Bluetooth availability started. Please report if there is no report that this ends.
10월 14, 2021 20:45:37.394 [752:18392:1014/204537.385:ERROR:chrome_browser_main_extra_parts_metrics.cc(231)] crbug.com/1216328: Checking Bluetooth availability ended.
10월 14, 2021 20:45:37.394 [752:18392:1014/204537.385:ERROR:chrome_browser_main_extra_parts_metrics.cc(234)] crbug.com/1216328: Checking default browser status started. Please report if there is no report that this ends.
10월 14, 2021 20:45:37.395 [752:18392:1014/204537.388:ERROR:chrome_browser_main_extra_parts_metrics.cc(238)] crbug.com/1216328: Checking default browser status ended.
10월 14, 2021 20:45:37.403 [752:14780:1014/204537.403:ERROR:device_event_log_impl.cc(214)] [20:45:37.403] Bluetooth: bluetooth_adapter_winrt.cc:1073 Getting Default Adapter failed.

10월 17, 2021 12:41:39.452 NEW SESSION
10월 17, 2021 12:41:39.452 [6904:17928:1017/124139.439:ERROR:chrome_browser_main_extra_parts_metrics.cc(228)] crbug.com/1216328: Checking Bluetooth availability started. Please report if there is no report that this ends.
10월 17, 2021 12:41:39.461 [6904:17928:1017/124139.439:ERROR:chrome_browser_main_extra_parts_metrics.cc(231)] crbug.com/1216328: Checking Bluetooth availability ended.
10월 17, 2021 12:41:39.461 [6904:17928:1017/124139.439:ERROR:chrome_browser_main_extra_parts_metrics.cc(234)] crbug.com/1216328: Checking default browser status started. Please report if there is no report that this ends.
10월 17, 2021 12:41:39.462 [6904:17928:1017/124139.442:ERROR:chrome_browser_main_extra_parts_metrics.cc(238)] crbug.com/1216328: Checking default browser status ended.
10월 17, 2021 12:41:39.462 [6904:16380:1017/124139.454:ERROR:device_event_log_impl.cc(214)] [12:41:39.454] Bluetooth: bluetooth_adapter_winrt.cc:1073 Getting Default Adapter failed.

10월 19, 2021 18:18:01.374 NEW SESSION
10월 19, 2021 18:18:01.374 [14576:6516:1019/181801.366:ERROR:chrome_browser_main_extra_parts_metrics.cc(228)] crbug.com/1216328: Checking Bluetooth availability started. Please report if there is no report that this ends.
10월 19, 2021 18:18:01.383 [14576:6516:1019/181801.366:ERROR:chrome_browser_main_extra_parts_metrics.cc(231)] crbug.com/1216328: Checking Bluetooth availability ended.
10월 19, 2021 18:18:01.383 [14576:6516:1019/181801.367:ERROR:chrome_browser_main_extra_parts_metrics.cc(234)] crbug.com/1216328: Checking default browser status started. Please report if there is no report that this ends.
10월 19, 2021 18:18:01.383 [14576:6516:1019/181801.371:ERROR:chrome_browser_main_extra_parts_metrics.cc(238)] crbug.com/1216328: Checking default browser status ended.
10월 19, 2021 18:18:01.400 [14576:15540:1019/181801.400:ERROR:device_event_log_impl.cc(214)] [18:18:01.399] Bluetooth: bluetooth_adapter_winrt.cc:1073 Getting Default Adapter failed.
10월 19, 2021 18:18:51.733 [15544:4740:1019/181851.733:ERROR:chrome_browser_main_extra_parts_metrics.cc(228)] crbug.com/1216328: Checking Bluetooth availability started. Please report if there is no report that this ends.
10월 19, 2021 18:18:51.734 [15544:4740:1019/181851.733:ERROR:chrome_browser_main_extra_parts_metrics.cc(231)] crbug.com/1216328: Checking Bluetooth availability ended.
10월 19, 2021 18:18:51.734 [15544:4740:1019/181851.733:ERROR:chrome_browser_main_extra_parts_metrics.cc(234)] crbug.com/1216328: Checking default browser status started. Please report if there is no report that this ends.
10월 19, 2021 18:18:51.742 [15544:4740:1019/181851.742:ERROR:chrome_browser_main_extra_parts_metrics.cc(238)] crbug.com/1216328: Checking default browser status ended.
10월 19, 2021 18:18:51.755 [15544:16740:1019/181851.754:ERROR:device_event_log_impl.cc(214)] [18:18:51.754] Bluetooth: bluetooth_adapter_winrt.cc:1073 Getting Default Adapter failed.

10월 20, 2021 18:40:15.622 NEW SESSION
10월 20, 2021 18:40:15.622 [4360:12968:1020/184015.613:ERROR:chrome_browser_main_extra_parts_metrics.cc(228)] crbug.com/1216328: Checking Bluetooth availability started. Please report if there is no report that this ends.
10월 20, 2021 18:40:15.631 [4360:12968:1020/184015.613:ERROR:chrome_browser_main_extra_parts_metrics.cc(231)] crbug.com/1216328: Checking Bluetooth availability ended.
10월 20, 2021 18:40:15.632 [4360:12968:1020/184015.613:ERROR:chrome_browser_main_extra_parts_metrics.cc(234)] crbug.com/1216328: Checking default browser status started. Please report if there is no report that this ends.
10월 20, 2021 18:40:15.632 [4360:12968:1020/184015.617:ERROR:chrome_browser_main_extra_parts_metrics.cc(238)] crbug.com/1216328: Checking default browser status ended.
10월 20, 2021 18:40:15.636 [4360:8432:1020/184015.635:ERROR:device_event_log_impl.cc(214)] [18:40:15.636] Bluetooth: bluetooth_adapter_winrt.cc:1073 Getting Default Adapter failed.
10월 20, 2021 18:41:57.272 [16268:7188:1020/184157.272:ERROR:chrome_browser_main_extra_parts_metrics.cc(228)] crbug.com/1216328: Checking Bluetooth availability started. Please report if there is no report that this ends.
10월 20, 2021 18:41:57.272 [16268:7188:1020/184157.272:ERROR:chrome_browser_main_extra_parts_metrics.cc(231)] crbug.com/1216328: Checking Bluetooth availability ended.
10월 20, 2021 18:41:57.273 [16268:7188:1020/184157.272:ERROR:chrome_browser_main_extra_parts_metrics.cc(234)] crbug.com/1216328: Checking default browser status started. Please report if there is no report that this ends.
10월 20, 2021 18:41:57.276 [16268:7188:1020/184157.276:ERROR:chrome_browser_main_extra_parts_metrics.cc(238)] crbug.com/1216328: Checking default browser status ended.
10월 20, 2021 18:41:57.288 [16268:4656:1020/184157.288:ERROR:device_event_log_impl.cc(214)] [18:41:57.288] Bluetooth: bluetooth_adapter_winrt.cc:1073 Getting Default Adapter failed.
10월 20, 2021 18:47:55.74 [11768:16900:1020/184755.074:ERROR:chrome_browser_main_extra_parts_metrics.cc(228)] crbug.com/1216328: Checking Bluetooth availability started. Please report if there is no report that this ends.
10월 20, 2021 18:47:55.75 [11768:16900:1020/184755.074:ERROR:chrome_browser_main_extra_parts_metrics.cc(231)] crbug.com/1216328: Checking Bluetooth availability ended.
10월 20, 2021 18:47:55.75 [11768:16900:1020/184755.074:ERROR:chrome_browser_main_extra_parts_metrics.cc(234)] crbug.com/1216328: Checking default browser status started. Please report if there is no report that this ends.
10월 20, 2021 18:47:55.78 [11768:16900:1020/184755.078:ERROR:chrome_browser_main_extra_parts_metrics.cc(238)] crbug.com/1216328: Checking default browser status ended.
10월 20, 2021 18:47:55.92 [11768:13288:1020/184755.092:ERROR:device_event_log_impl.cc(214)] [18:47:55.092] Bluetooth: bluetooth_adapter_winrt.cc:1073 Getting Default Adapter failed.
10월 20, 2021 18:55:50.39 [4680:16656:1020/185550.039:ERROR:chrome_browser_main_extra_parts_metrics.cc(228)] crbug.com/1216328: Checking Bluetooth availability started. Please report if there is no report that this ends.
10월 20, 2021 18:55:50.39 [4680:16656:1020/185550.039:ERROR:chrome_browser_main_extra_parts_metrics.cc(231)] crbug.com/1216328: Checking Bluetooth availability ended.
10월 20, 2021 18:55:50.39 [4680:16656:1020/185550.039:ERROR:chrome_browser_main_extra_parts_metrics.cc(234)] crbug.com/1216328: Checking default browser status started. Please report if there is no report that this ends.
10월 20, 2021 18:55:50.43 [4680:16656:1020/185550.042:ERROR:chrome_browser_main_extra_parts_metrics.cc(238)] crbug.com/1216328: Checking default browser status ended.
10월 20, 2021 18:55:50.55 [4680:1348:1020/185550.054:ERROR:device_event_log_impl.cc(214)] [18:55:50.054] Bluetooth: bluetooth_adapter_winrt.cc:1073 Getting Default Adapter failed.
10월 20, 2021 18:56:47.511 [4680:15128:1020/185647.511:ERROR:database.cc(1761)] Passwords SQLite error: code 2067 errno 0: UNIQUE constraint failed: logins.origin_url, logins.username_element, logins.username_value, logins.password_element, logins.signon_realm sql: INSERT INTO logins (origin_url, action_url, username_element, username_value, password_element, password_value, submit_element, signon_realm, date_created, blacklisted_by_user, scheme, password_type, times_used, form_data, display_name, icon_url, federation_url, skip_zero_click, generation_upload_status, possible_username_pairs, id, date_last_used, moving_blocked_for, date_password_modified) VALUES (?,?,?,?,?,?,?,?,?,?,?,?,?,?,?,?,?,?,?,?,?,?,?,?)

10월 26, 2021 19:15:13.568 NEW SESSION
10월 26, 2021 19:15:13.568 [4860:4348:1026/191513.550:ERROR:chrome_browser_main_extra_parts_metrics.cc(230)] crbug.com/1216328: Checking Bluetooth availability started. Please report if there is no report that this ends.
10월 26, 2021 19:15:13.569 [4860:4348:1026/191513.550:ERROR:chrome_browser_main_extra_parts_metrics.cc(233)] crbug.com/1216328: Checking Bluetooth availability ended.
10월 26, 2021 19:15:13.569 [4860:4348:1026/191513.550:ERROR:chrome_browser_main_extra_parts_metrics.cc(236)] crbug.com/1216328: Checking default browser status started. Please report if there is no report that this ends.
10월 26, 2021 19:15:13.569 [4860:4348:1026/191513.554:ERROR:chrome_browser_main_extra_parts_metrics.cc(240)] crbug.com/1216328: Checking default browser status ended.
10월 26, 2021 19:15:13.569 [4860:5432:1026/191513.567:ERROR:device_event_log_impl.cc(214)] [19:15:13.567] Bluetooth: bluetooth_adapter_winrt.cc:1073 Getting Default Adapter failed.
10월 26, 2021 19:15:37.181 [4860:5432:1026/191537.181:ERROR:CONSOLE(0)] "Blocked script execution in 'data:text/html,%3C!DOCTYPE%20html%3E%0D%0A%3Chtml%3E%0D%0A%3Chead%3E%0D%0A%3Cmeta%20charset=%22UTF-8%22%3E%0D%0A%3Ctitle%3E%EC%A3%BC%EC%86%8C%EA%B2%80%EC%83%89%EA%B2%B0%EA%B3%BC%3C/title%3E%0D%0A%09%3Cscript%20type=%22text/javascript%22%3E%0D%0A%09%09function%20filladd(add1,%20adds)%20%7B%0D%0A%09%09%09opener.document.regform.address1.value%20=%20add1;%0D%0A%09%09%09opener.document.regform.aaddress_s.value%20=%20adds;%0D%0A%09%09%09this.close()%0D%0A%09%09%7D%0D%0A%09%3C/script%3E%0D%0A%3C/head%3E%0D%0A%3C...0%22%3E%0D%0A%09%09%3Cinput%20type=%22button%22%20value=%22%EC%9A%B0%ED%8E%B8%EB%B2%88%ED%98%B8%22%20onclick=%22zipcodesearch()%22%3E%0D%0A%09%3C/p%3E%0D%0A%09%3Ca%20href=%22javascript:filladd('15080',%20'%EC%84%9C%EC%9A%B8%ED%8A%B9%EB%B3%84%EC%8B%9C%20%EC%98%81%EB%93%B1%ED%8F%AC%EA%B5%AC%20%EB%8B%B9%EC%82%B01%EB%8F%99')%22%3E15080%20%EC%84%9C%EC%9A%B8%ED%8A%B9%EB%B3%84%EC%8B%9C%20%EC%98%81%EB%93%B1%ED%8F%AC%EA%B5%AC%20%EB%8B%B9%EC%82%B01%EB%8F%99%3C/a%3E%0D%0A%09%3Cbr%3E%0D%0A%3C/body%3E%0D%0A%3C/html%3E' because the document's frame is sandboxed and the 'allow-scripts' permission is not set.", source: data:text/html,%3C!DOCTYPE%20html%3E%0D%0A%3Chtml%3E%0D%0A%3Chead%3E%0D%0A%3Cmeta%20charset=%22UTF-8%22%3E%0D%0A%3Ctitle%3E%EC%A3%BC%EC%86%8C%EA%B2%80%EC%83%89%EA%B2%B0%EA%B3%BC%3C/title%3E%0D%0A%09%3Cscript%20type=%22text/javascript%22%3E%0D%0A%09%09function%20filladd(add1,%20adds)%20%7B%0D%0A%09%09%09opener.document.regform.address1.value%20=%20add1;%0D%0A%09%09%09opener.document.regform.aaddress_s.value%20=%20adds;%0D%0A%09%09%09this.close()%0D%0A%09%09%7D%0D%0A%09%3C/script%3E%0D%0A%3C/head%3E%0D%0A%3Cbody%3E%0D%0A%09%3Cp%3E%0D%0A%09%09%3Cinput%20type=%22text%22%20name=%22zipcode%22%20size=%2230%22%3E%0D%0A%09%09%3Cinput%20type=%22button%22%20value=%22%EC%9A%B0%ED%8E%B8%EB%B2%88%ED%98%B8%22%20onclick=%22zipcodesearch()%22%3E%0D%0A%09%3C/p%3E%0D%0A%09%3Ca%20href=%22javascript:filladd('15080',%20'%EC%84%9C%EC%9A%B8%ED%8A%B9%EB%B3%84%EC%8B%9C%20%EC%98%81%EB%93%B1%ED%8F%AC%EA%B5%AC%20%EB%8B%B9%EC%82%B01%EB%8F%99')%22%3E15080%20%EC%84%9C%EC%9A%B8%ED%8A%B9%EB%B3%84%EC%8B%9C%20%EC%98%81%EB%93%B1%ED%8F%AC%EA%B5%AC%20%EB%8B%B9%EC%82%B01%EB%8F%99%3C/a%3E%0D%0A%09%3Cbr%3E%0D%0A%3C/body%3E%0D%0A%3C/html%3E (0)
10월 26, 2021 19:15:37.182 [4860:5432:1026/191537.181:ERROR:CONSOLE(17)] "Blocked script execution in 'data:text/html,%3C!DOCTYPE%20html%3E%0D%0A%3Chtml%3E%0D%0A%3Chead%3E%0D%0A%3Cmeta%20charset=%22UTF-8%22%3E%0D%0A%3Ctitle%3E%EC%A3%BC%EC%86%8C%EA%B2%80%EC%83%89%EA%B2%B0%EA%B3%BC%3C/title%3E%0D%0A%09%3Cscript%20type=%22text/javascript%22%3E%0D%0A%09%09function%20filladd(add1,%20adds)%20%7B%0D%0A%09%09%09opener.document.regform.address1.value%20=%20add1;%0D%0A%09%09%09opener.document.regform.aaddress_s.value%20=%20adds;%0D%0A%09%09%09this.close()%0D%0A%09%09%7D%0D%0A%09%3C/script%3E%0D%0A%3C/head%3E%0D%0A%3C...0%22%3E%0D%0A%09%09%3Cinput%20type=%22button%22%20value=%22%EC%9A%B0%ED%8E%B8%EB%B2%88%ED%98%B8%22%20onclick=%22zipcodesearch()%22%3E%0D%0A%09%3C/p%3E%0D%0A%09%3Ca%20href=%22javascript:filladd('15080',%20'%EC%84%9C%EC%9A%B8%ED%8A%B9%EB%B3%84%EC%8B%9C%20%EC%98%81%EB%93%B1%ED%8F%AC%EA%B5%AC%20%EB%8B%B9%EC%82%B01%EB%8F%99')%22%3E15080%20%EC%84%9C%EC%9A%B8%ED%8A%B9%EB%B3%84%EC%8B%9C%20%EC%98%81%EB%93%B1%ED%8F%AC%EA%B5%AC%20%EB%8B%B9%EC%82%B01%EB%8F%99%3C/a%3E%0D%0A%09%3Cbr%3E%0D%0A%3C/body%3E%0D%0A%3C/html%3E' because the document's frame is sandboxed and the 'allow-scripts' permission is not set.", source: data:text/html,%3C!DOCTYPE%20html%3E%0D%0A%3Chtml%3E%0D%0A%3Chead%3E%0D%0A%3Cmeta%20charset=%22UTF-8%22%3E%0D%0A%3Ctitle%3E%EC%A3%BC%EC%86%8C%EA%B2%80%EC%83%89%EA%B2%B0%EA%B3%BC%3C/title%3E%0D%0A%09%3Cscript%20type=%22text/javascript%22%3E%0D%0A%09%09function%20filladd(add1,%20adds)%20%7B%0D%0A%09%09%09opener.document.regform.address1.value%20=%20add1;%0D%0A%09%09%09opener.document.regform.aaddress_s.value%20=%20adds;%0D%0A%09%09%09this.close()%0D%0A%09%09%7D%0D%0A%09%3C/script%3E%0D%0A%3C/head%3E%0D%0A%3Cbody%3E%0D%0A%09%3Cp%3E%0D%0A%09%09%3Cinput%20type=%22text%22%20name=%22zipcode%22%20size=%2230%22%3E%0D%0A%09%09%3Cinput%20type=%22button%22%20value=%22%EC%9A%B0%ED%8E%B8%EB%B2%88%ED%98%B8%22%20onclick=%22zipcodesearch()%22%3E%0D%0A%09%3C/p%3E%0D%0A%09%3Ca%20href=%22javascript:filladd('15080',%20'%EC%84%9C%EC%9A%B8%ED%8A%B9%EB%B3%84%EC%8B%9C%20%EC%98%81%EB%93%B1%ED%8F%AC%EA%B5%AC%20%EB%8B%B9%EC%82%B01%EB%8F%99')%22%3E15080%20%EC%84%9C%EC%9A%B8%ED%8A%B9%EB%B3%84%EC%8B%9C%20%EC%98%81%EB%93%B1%ED%8F%AC%EA%B5%AC%20%EB%8B%B9%EC%82%B01%EB%8F%99%3C/a%3E%0D%0A%09%3Cbr%3E%0D%0A%3C/body%3E%0D%0A%3C/html%3E (17)
10월 26, 2021 19:16:12.922 [6940:10084:1026/191612.922:ERROR:chrome_browser_main_extra_parts_metrics.cc(230)] crbug.com/1216328: Checking Bluetooth availability started. Please report if there is no report that this ends.
10월 26, 2021 19:16:12.923 [6940:10084:1026/191612.922:ERROR:chrome_browser_main_extra_parts_metrics.cc(233)] crbug.com/1216328: Checking Bluetooth availability ended.
10월 26, 2021 19:16:12.923 [6940:10084:1026/191612.922:ERROR:chrome_browser_main_extra_parts_metrics.cc(236)] crbug.com/1216328: Checking default browser status started. Please report if there is no report that this ends.
10월 26, 2021 19:16:12.925 [6940:10084:1026/191612.925:ERROR:chrome_browser_main_extra_parts_metrics.cc(240)] crbug.com/1216328: Checking default browser status ended.
10월 26, 2021 19:16:12.937 [6940:18388:1026/191612.937:ERROR:device_event_log_impl.cc(214)] [19:16:12.937] Bluetooth: bluetooth_adapter_winrt.cc:1073 Getting Default Adapter failed.
10월 26, 2021 19:22:33.707 [6940:18388:1026/192233.706:ERROR:command_buffer_proxy_impl.cc(328)] GPU state invalid after WaitForGetOffsetInRange.
10월 26, 2021 19:22:33.712 [6940:18388:1026/192233.711:ERROR:gpu_process_host.cc(979)] GPU process exited unexpectedly: exit_code=1
10월 26, 2021 19:24:05.959 [2768:9428:1026/192405.958:ERROR:chrome_browser_main_extra_parts_metrics.cc(230)] crbug.com/1216328: Checking Bluetooth availability started. Please report if there is no report that this ends.
10월 26, 2021 19:24:05.959 [2768:9428:1026/192405.958:ERROR:chrome_browser_main_extra_parts_metrics.cc(233)] crbug.com/1216328: Checking Bluetooth availability ended.
10월 26, 2021 19:24:05.959 [2768:9428:1026/192405.958:ERROR:chrome_browser_main_extra_parts_metrics.cc(236)] crbug.com/1216328: Checking default browser status started. Please report if there is no report that this ends.
10월 26, 2021 19:24:05.962 [2768:9428:1026/192405.962:ERROR:chrome_browser_main_extra_parts_metrics.cc(240)] crbug.com/1216328: Checking default browser status ended.
10월 26, 2021 19:24:05.973 [2768:11052:1026/192405.972:ERROR:device_event_log_impl.cc(214)] [19:24:05.972] Bluetooth: bluetooth_adapter_winrt.cc:1073 Getting Default Adapter failed.
10월 26, 2021 19:24:41.542 [2768:11052:1026/192441.542:ERROR:CONSOLE(0)] "Blocked script execution in 'data:text/html,%3C!DOCTYPE%20html%3E%0D%0A%3Chtml%3E%0D%0A%3Chead%3E%0D%0A%3Cmeta%20charset=%22UTF-8%22%3E%0D%0A%3Ctitle%3E%EC%A3%BC%EC%86%8C%EA%B2%80%EC%83%89%EA%B2%B0%EA%B3%BC%3C/title%3E%0D%0A%09%3Cscript%20type=%22text/javascript%22%3E%0D%0A%09%09function%20filladd(add1,%20adds)%20%7B%0D%0A%09%09%09opener.document.regform.address1.value%20=%20add1;%0D%0A%09%09%09opener.document.regform.aaddress_s.value%20=%20adds;%0D%0A%09%09%09this.close()%0D%0A%09%09%7D%0D%0A%09%3C/script%3E%0D%0A%3C/head%3E%0D%0A%3C...0%22%3E%0D%0A%09%09%3Cinput%20type=%22button%22%20value=%22%EC%9A%B0%ED%8E%B8%EB%B2%88%ED%98%B8%22%20onclick=%22zipcodesearch()%22%3E%0D%0A%09%3C/p%3E%0D%0A%09%3Ca%20href=%22javascript:filladd('15080',%20'%EC%84%9C%EC%9A%B8%ED%8A%B9%EB%B3%84%EC%8B%9C%20%EC%98%81%EB%93%B1%ED%8F%AC%EA%B5%AC%20%EB%8B%B9%EC%82%B01%EB%8F%99')%22%3E15080%20%EC%84%9C%EC%9A%B8%ED%8A%B9%EB%B3%84%EC%8B%9C%20%EC%98%81%EB%93%B1%ED%8F%AC%EA%B5%AC%20%EB%8B%B9%EC%82%B01%EB%8F%99%3C/a%3E%0D%0A%09%3Cbr%3E%0D%0A%3C/body%3E%0D%0A%3C/html%3E' because the document's frame is sandboxed and the 'allow-scripts' permission is not set.", source: data:text/html,%3C!DOCTYPE%20html%3E%0D%0A%3Chtml%3E%0D%0A%3Chead%3E%0D%0A%3Cmeta%20charset=%22UTF-8%22%3E%0D%0A%3Ctitle%3E%EC%A3%BC%EC%86%8C%EA%B2%80%EC%83%89%EA%B2%B0%EA%B3%BC%3C/title%3E%0D%0A%09%3Cscript%20type=%22text/javascript%22%3E%0D%0A%09%09function%20filladd(add1,%20adds)%20%7B%0D%0A%09%09%09opener.document.regform.address1.value%20=%20add1;%0D%0A%09%09%09opener.document.regform.aaddress_s.value%20=%20adds;%0D%0A%09%09%09this.close()%0D%0A%09%09%7D%0D%0A%09%3C/script%3E%0D%0A%3C/head%3E%0D%0A%3Cbody%3E%0D%0A%09%3Cp%3E%0D%0A%09%09%3Cinput%20type=%22text%22%20name=%22zipcode%22%20size=%2230%22%3E%0D%0A%09%09%3Cinput%20type=%22button%22%20value=%22%EC%9A%B0%ED%8E%B8%EB%B2%88%ED%98%B8%22%20onclick=%22zipcodesearch()%22%3E%0D%0A%09%3C/p%3E%0D%0A%09%3Ca%20href=%22javascript:filladd('15080',%20'%EC%84%9C%EC%9A%B8%ED%8A%B9%EB%B3%84%EC%8B%9C%20%EC%98%81%EB%93%B1%ED%8F%AC%EA%B5%AC%20%EB%8B%B9%EC%82%B01%EB%8F%99')%22%3E15080%20%EC%84%9C%EC%9A%B8%ED%8A%B9%EB%B3%84%EC%8B%9C%20%EC%98%81%EB%93%B1%ED%8F%AC%EA%B5%AC%20%EB%8B%B9%EC%82%B01%EB%8F%99%3C/a%3E%0D%0A%09%3Cbr%3E%0D%0A%3C/body%3E%0D%0A%3C/html%3E (0)
10월 26, 2021 19:24:41.543 [2768:11052:1026/192441.542:ERROR:CONSOLE(17)] "Blocked script execution in 'data:text/html,%3C!DOCTYPE%20html%3E%0D%0A%3Chtml%3E%0D%0A%3Chead%3E%0D%0A%3Cmeta%20charset=%22UTF-8%22%3E%0D%0A%3Ctitle%3E%EC%A3%BC%EC%86%8C%EA%B2%80%EC%83%89%EA%B2%B0%EA%B3%BC%3C/title%3E%0D%0A%09%3Cscript%20type=%22text/javascript%22%3E%0D%0A%09%09function%20filladd(add1,%20adds)%20%7B%0D%0A%09%09%09opener.document.regform.address1.value%20=%20add1;%0D%0A%09%09%09opener.document.regform.aaddress_s.value%20=%20adds;%0D%0A%09%09%09this.close()%0D%0A%09%09%7D%0D%0A%09%3C/script%3E%0D%0A%3C/head%3E%0D%0A%3C...0%22%3E%0D%0A%09%09%3Cinput%20type=%22button%22%20value=%22%EC%9A%B0%ED%8E%B8%EB%B2%88%ED%98%B8%22%20onclick=%22zipcodesearch()%22%3E%0D%0A%09%3C/p%3E%0D%0A%09%3Ca%20href=%22javascript:filladd('15080',%20'%EC%84%9C%EC%9A%B8%ED%8A%B9%EB%B3%84%EC%8B%9C%20%EC%98%81%EB%93%B1%ED%8F%AC%EA%B5%AC%20%EB%8B%B9%EC%82%B01%EB%8F%99')%22%3E15080%20%EC%84%9C%EC%9A%B8%ED%8A%B9%EB%B3%84%EC%8B%9C%20%EC%98%81%EB%93%B1%ED%8F%AC%EA%B5%AC%20%EB%8B%B9%EC%82%B01%EB%8F%99%3C/a%3E%0D%0A%09%3Cbr%3E%0D%0A%3C/body%3E%0D%0A%3C/html%3E' because the document's frame is sandboxed and the 'allow-scripts' permission is not set.", source: data:text/html,%3C!DOCTYPE%20html%3E%0D%0A%3Chtml%3E%0D%0A%3Chead%3E%0D%0A%3Cmeta%20charset=%22UTF-8%22%3E%0D%0A%3Ctitle%3E%EC%A3%BC%EC%86%8C%EA%B2%80%EC%83%89%EA%B2%B0%EA%B3%BC%3C/title%3E%0D%0A%09%3Cscript%20type=%22text/javascript%22%3E%0D%0A%09%09function%20filladd(add1,%20adds)%20%7B%0D%0A%09%09%09opener.document.regform.address1.value%20=%20add1;%0D%0A%09%09%09opener.document.regform.aaddress_s.value%20=%20adds;%0D%0A%09%09%09this.close()%0D%0A%09%09%7D%0D%0A%09%3C/script%3E%0D%0A%3C/head%3E%0D%0A%3Cbody%3E%0D%0A%09%3Cp%3E%0D%0A%09%09%3Cinput%20type=%22text%22%20name=%22zipcode%22%20size=%2230%22%3E%0D%0A%09%09%3Cinput%20type=%22button%22%20value=%22%EC%9A%B0%ED%8E%B8%EB%B2%88%ED%98%B8%22%20onclick=%22zipcodesearch()%22%3E%0D%0A%09%3C/p%3E%0D%0A%09%3Ca%20href=%22javascript:filladd('15080',%20'%EC%84%9C%EC%9A%B8%ED%8A%B9%EB%B3%84%EC%8B%9C%20%EC%98%81%EB%93%B1%ED%8F%AC%EA%B5%AC%20%EB%8B%B9%EC%82%B01%EB%8F%99')%22%3E15080%20%EC%84%9C%EC%9A%B8%ED%8A%B9%EB%B3%84%EC%8B%9C%20%EC%98%81%EB%93%B1%ED%8F%AC%EA%B5%AC%20%EB%8B%B9%EC%82%B01%EB%8F%99%3C/a%3E%0D%0A%09%3Cbr%3E%0D%0A%3C/body%3E%0D%0A%3C/html%3E (17)
10월 26, 2021 19:24:41.611 [2768:11052:1026/192441.611:ERROR:CONSOLE(0)] "Blocked script execution in 'data:text/html,%3C!DOCTYPE%20html%3E%0D%0A%3Chtml%3E%0D%0A%3Chead%3E%0D%0A%3Cmeta%20charset=%22UTF-8%22%3E%0D%0A%3Ctitle%3E%EC%A3%BC%EC%86%8C%EA%B2%80%EC%83%89%EA%B2%B0%EA%B3%BC%3C/title%3E%0D%0A%09%3Cscript%20type=%22text/javascript%22%3E%0D%0A%09%09function%20filladd(add1,%20adds)%20%7B%0D%0A%09%09%09opener.document.regform.address1.value%20=%20add1;%0D%0A%09%09%09opener.document.regform.aaddress_s.value%20=%20adds;%0D%0A%09%09%09this.close()%0D%0A%09%09%7D%0D%0A%09%3C/script%3E%0D%0A%3C/head%3E%0D%0A%3C...0%22%3E%0D%0A%09%09%3Cinput%20type=%22button%22%20value=%22%EC%9A%B0%ED%8E%B8%EB%B2%88%ED%98%B8%22%20onclick=%22zipcodesearch()%22%3E%0D%0A%09%3C/p%3E%0D%0A%09%3Ca%20href=%22javascript:filladd('15080',%20'%EC%84%9C%EC%9A%B8%ED%8A%B9%EB%B3%84%EC%8B%9C%20%EC%98%81%EB%93%B1%ED%8F%AC%EA%B5%AC%20%EB%8B%B9%EC%82%B01%EB%8F%99')%22%3E15080%20%EC%84%9C%EC%9A%B8%ED%8A%B9%EB%B3%84%EC%8B%9C%20%EC%98%81%EB%93%B1%ED%8F%AC%EA%B5%AC%20%EB%8B%B9%EC%82%B01%EB%8F%99%3C/a%3E%0D%0A%09%3Cbr%3E%0D%0A%3C/body%3E%0D%0A%3C/html%3E' because the document's frame is sandboxed and the 'allow-scripts' permission is not set.", source: data:text/html,%3C!DOCTYPE%20html%3E%0D%0A%3Chtml%3E%0D%0A%3Chead%3E%0D%0A%3Cmeta%20charset=%22UTF-8%22%3E%0D%0A%3Ctitle%3E%EC%A3%BC%EC%86%8C%EA%B2%80%EC%83%89%EA%B2%B0%EA%B3%BC%3C/title%3E%0D%0A%09%3Cscript%20type=%22text/javascript%22%3E%0D%0A%09%09function%20filladd(add1,%20adds)%20%7B%0D%0A%09%09%09opener.document.regform.address1.value%20=%20add1;%0D%0A%09%09%09opener.document.regform.aaddress_s.value%20=%20adds;%0D%0A%09%09%09this.close()%0D%0A%09%09%7D%0D%0A%09%3C/script%3E%0D%0A%3C/head%3E%0D%0A%3Cbody%3E%0D%0A%09%3Cp%3E%0D%0A%09%09%3Cinput%20type=%22text%22%20name=%22zipcode%22%20size=%2230%22%3E%0D%0A%09%09%3Cinput%20type=%22button%22%20value=%22%EC%9A%B0%ED%8E%B8%EB%B2%88%ED%98%B8%22%20onclick=%22zipcodesearch()%22%3E%0D%0A%09%3C/p%3E%0D%0A%09%3Ca%20href=%22javascript:filladd('15080',%20'%EC%84%9C%EC%9A%B8%ED%8A%B9%EB%B3%84%EC%8B%9C%20%EC%98%81%EB%93%B1%ED%8F%AC%EA%B5%AC%20%EB%8B%B9%EC%82%B01%EB%8F%99')%22%3E15080%20%EC%84%9C%EC%9A%B8%ED%8A%B9%EB%B3%84%EC%8B%9C%20%EC%98%81%EB%93%B1%ED%8F%AC%EA%B5%AC%20%EB%8B%B9%EC%82%B01%EB%8F%99%3C/a%3E%0D%0A%09%3Cbr%3E%0D%0A%3C/body%3E%0D%0A%3C/html%3E (0)
10월 26, 2021 19:24:41.611 [2768:11052:1026/192441.611:ERROR:CONSOLE(17)] "Blocked script execution in 'data:text/html,%3C!DOCTYPE%20html%3E%0D%0A%3Chtml%3E%0D%0A%3Chead%3E%0D%0A%3Cmeta%20charset=%22UTF-8%22%3E%0D%0A%3Ctitle%3E%EC%A3%BC%EC%86%8C%EA%B2%80%EC%83%89%EA%B2%B0%EA%B3%BC%3C/title%3E%0D%0A%09%3Cscript%20type=%22text/javascript%22%3E%0D%0A%09%09function%20filladd(add1,%20adds)%20%7B%0D%0A%09%09%09opener.document.regform.address1.value%20=%20add1;%0D%0A%09%09%09opener.document.regform.aaddress_s.value%20=%20adds;%0D%0A%09%09%09this.close()%0D%0A%09%09%7D%0D%0A%09%3C/script%3E%0D%0A%3C/head%3E%0D%0A%3C...0%22%3E%0D%0A%09%09%3Cinput%20type=%22button%22%20value=%22%EC%9A%B0%ED%8E%B8%EB%B2%88%ED%98%B8%22%20onclick=%22zipcodesearch()%22%3E%0D%0A%09%3C/p%3E%0D%0A%09%3Ca%20href=%22javascript:filladd('15080',%20'%EC%84%9C%EC%9A%B8%ED%8A%B9%EB%B3%84%EC%8B%9C%20%EC%98%81%EB%93%B1%ED%8F%AC%EA%B5%AC%20%EB%8B%B9%EC%82%B01%EB%8F%99')%22%3E15080%20%EC%84%9C%EC%9A%B8%ED%8A%B9%EB%B3%84%EC%8B%9C%20%EC%98%81%EB%93%B1%ED%8F%AC%EA%B5%AC%20%EB%8B%B9%EC%82%B01%EB%8F%99%3C/a%3E%0D%0A%09%3Cbr%3E%0D%0A%3C/body%3E%0D%0A%3C/html%3E' because the document's frame is sandboxed and the 'allow-scripts' permission is not set.", source: data:text/html,%3C!DOCTYPE%20html%3E%0D%0A%3Chtml%3E%0D%0A%3Chead%3E%0D%0A%3Cmeta%20charset=%22UTF-8%22%3E%0D%0A%3Ctitle%3E%EC%A3%BC%EC%86%8C%EA%B2%80%EC%83%89%EA%B2%B0%EA%B3%BC%3C/title%3E%0D%0A%09%3Cscript%20type=%22text/javascript%22%3E%0D%0A%09%09function%20filladd(add1,%20adds)%20%7B%0D%0A%09%09%09opener.document.regform.address1.value%20=%20add1;%0D%0A%09%09%09opener.document.regform.aaddress_s.value%20=%20adds;%0D%0A%09%09%09this.close()%0D%0A%09%09%7D%0D%0A%09%3C/script%3E%0D%0A%3C/head%3E%0D%0A%3Cbody%3E%0D%0A%09%3Cp%3E%0D%0A%09%09%3Cinput%20type=%22text%22%20name=%22zipcode%22%20size=%2230%22%3E%0D%0A%09%09%3Cinput%20type=%22button%22%20value=%22%EC%9A%B0%ED%8E%B8%EB%B2%88%ED%98%B8%22%20onclick=%22zipcodesearch()%22%3E%0D%0A%09%3C/p%3E%0D%0A%09%3Ca%20href=%22javascript:filladd('15080',%20'%EC%84%9C%EC%9A%B8%ED%8A%B9%EB%B3%84%EC%8B%9C%20%EC%98%81%EB%93%B1%ED%8F%AC%EA%B5%AC%20%EB%8B%B9%EC%82%B01%EB%8F%99')%22%3E15080%20%EC%84%9C%EC%9A%B8%ED%8A%B9%EB%B3%84%EC%8B%9C%20%EC%98%81%EB%93%B1%ED%8F%AC%EA%B5%AC%20%EB%8B%B9%EC%82%B01%EB%8F%99%3C/a%3E%0D%0A%09%3Cbr%3E%0D%0A%3C/body%3E%0D%0A%3C/html%3E (17)
10월 26, 2021 19:24:44.610 [2768:11052:1026/192444.609:ERROR:CONSOLE(0)] "Blocked script execution in 'data:text/html,%3C!DOCTYPE%20html%3E%0D%0A%3Chtml%3E%0D%0A%3Chead%3E%0D%0A%3Cmeta%20charset=%22UTF-8%22%3E%0D%0A%3Ctitle%3E%EC%A3%BC%EC%86%8C%EA%B2%80%EC%83%89%EA%B2%B0%EA%B3%BC%3C/title%3E%0D%0A%09%3Cscript%20type=%22text/javascript%22%3E%0D%0A%09%09function%20filladd(add1,%20adds)%20%7B%0D%0A%09%09%09opener.document.regform.address1.value%20=%20add1;%0D%0A%09%09%09opener.document.regform.aaddress_s.value%20=%20adds;%0D%0A%09%09%09this.close()%0D%0A%09%09%7D%0D%0A%09%3C/script%3E%0D%0A%3C/head%3E%0D%0A%3C...0%22%3E%0D%0A%09%09%3Cinput%20type=%22button%22%20value=%22%EC%9A%B0%ED%8E%B8%EB%B2%88%ED%98%B8%22%20onclick=%22zipcodesearch()%22%3E%0D%0A%09%3C/p%3E%0D%0A%09%3Ca%20href=%22javascript:filladd('15080',%20'%EC%84%9C%EC%9A%B8%ED%8A%B9%EB%B3%84%EC%8B%9C%20%EC%98%81%EB%93%B1%ED%8F%AC%EA%B5%AC%20%EB%8B%B9%EC%82%B01%EB%8F%99')%22%3E15080%20%EC%84%9C%EC%9A%B8%ED%8A%B9%EB%B3%84%EC%8B%9C%20%EC%98%81%EB%93%B1%ED%8F%AC%EA%B5%AC%20%EB%8B%B9%EC%82%B01%EB%8F%99%3C/a%3E%0D%0A%09%3Cbr%3E%0D%0A%3C/body%3E%0D%0A%3C/html%3E' because the document's frame is sandboxed and the 'allow-scripts' permission is not set.", source: data:text/html,%3C!DOCTYPE%20html%3E%0D%0A%3Chtml%3E%0D%0A%3Chead%3E%0D%0A%3Cmeta%20charset=%22UTF-8%22%3E%0D%0A%3Ctitle%3E%EC%A3%BC%EC%86%8C%EA%B2%80%EC%83%89%EA%B2%B0%EA%B3%BC%3C/title%3E%0D%0A%09%3Cscript%20type=%22text/javascript%22%3E%0D%0A%09%09function%20filladd(add1,%20adds)%20%7B%0D%0A%09%09%09opener.document.regform.address1.value%20=%20add1;%0D%0A%09%09%09opener.document.regform.aaddress_s.value%20=%20adds;%0D%0A%09%09%09this.close()%0D%0A%09%09%7D%0D%0A%09%3C/script%3E%0D%0A%3C/head%3E%0D%0A%3Cbody%3E%0D%0A%09%3Cp%3E%0D%0A%09%09%3Cinput%20type=%22text%22%20name=%22zipcode%22%20size=%2230%22%3E%0D%0A%09%09%3Cinput%20type=%22button%22%20value=%22%EC%9A%B0%ED%8E%B8%EB%B2%88%ED%98%B8%22%20onclick=%22zipcodesearch()%22%3E%0D%0A%09%3C/p%3E%0D%0A%09%3Ca%20href=%22javascript:filladd('15080',%20'%EC%84%9C%EC%9A%B8%ED%8A%B9%EB%B3%84%EC%8B%9C%20%EC%98%81%EB%93%B1%ED%8F%AC%EA%B5%AC%20%EB%8B%B9%EC%82%B01%EB%8F%99')%22%3E15080%20%EC%84%9C%EC%9A%B8%ED%8A%B9%EB%B3%84%EC%8B%9C%20%EC%98%81%EB%93%B1%ED%8F%AC%EA%B5%AC%20%EB%8B%B9%EC%82%B01%EB%8F%99%3C/a%3E%0D%0A%09%3Cbr%3E%0D%0A%3C/body%3E%0D%0A%3C/html%3E (0)
10월 26, 2021 19:24:44.611 [2768:11052:1026/192444.610:ERROR:CONSOLE(17)] "Blocked script execution in 'data:text/html,%3C!DOCTYPE%20html%3E%0D%0A%3Chtml%3E%0D%0A%3Chead%3E%0D%0A%3Cmeta%20charset=%22UTF-8%22%3E%0D%0A%3Ctitle%3E%EC%A3%BC%EC%86%8C%EA%B2%80%EC%83%89%EA%B2%B0%EA%B3%BC%3C/title%3E%0D%0A%09%3Cscript%20type=%22text/javascript%22%3E%0D%0A%09%09function%20filladd(add1,%20adds)%20%7B%0D%0A%09%09%09opener.document.regform.address1.value%20=%20add1;%0D%0A%09%09%09opener.document.regform.aaddress_s.value%20=%20adds;%0D%0A%09%09%09this.close()%0D%0A%09%09%7D%0D%0A%09%3C/script%3E%0D%0A%3C/head%3E%0D%0A%3C...0%22%3E%0D%0A%09%09%3Cinput%20type=%22button%22%20value=%22%EC%9A%B0%ED%8E%B8%EB%B2%88%ED%98%B8%22%20onclick=%22zipcodesearch()%22%3E%0D%0A%09%3C/p%3E%0D%0A%09%3Ca%20href=%22javascript:filladd('15080',%20'%EC%84%9C%EC%9A%B8%ED%8A%B9%EB%B3%84%EC%8B%9C%20%EC%98%81%EB%93%B1%ED%8F%AC%EA%B5%AC%20%EB%8B%B9%EC%82%B01%EB%8F%99')%22%3E15080%20%EC%84%9C%EC%9A%B8%ED%8A%B9%EB%B3%84%EC%8B%9C%20%EC%98%81%EB%93%B1%ED%8F%AC%EA%B5%AC%20%EB%8B%B9%EC%82%B01%EB%8F%99%3C/a%3E%0D%0A%09%3Cbr%3E%0D%0A%3C/body%3E%0D%0A%3C/html%3E' because the document's frame is sandboxed and the 'allow-scripts' permission is not set.", source: data:text/html,%3C!DOCTYPE%20html%3E%0D%0A%3Chtml%3E%0D%0A%3Chead%3E%0D%0A%3Cmeta%20charset=%22UTF-8%22%3E%0D%0A%3Ctitle%3E%EC%A3%BC%EC%86%8C%EA%B2%80%EC%83%89%EA%B2%B0%EA%B3%BC%3C/title%3E%0D%0A%09%3Cscript%20type=%22text/javascript%22%3E%0D%0A%09%09function%20filladd(add1,%20adds)%20%7B%0D%0A%09%09%09opener.document.regform.address1.value%20=%20add1;%0D%0A%09%09%09opener.document.regform.aaddress_s.value%20=%20adds;%0D%0A%09%09%09this.close()%0D%0A%09%09%7D%0D%0A%09%3C/script%3E%0D%0A%3C/head%3E%0D%0A%3Cbody%3E%0D%0A%09%3Cp%3E%0D%0A%09%09%3Cinput%20type=%22text%22%20name=%22zipcode%22%20size=%2230%22%3E%0D%0A%09%09%3Cinput%20type=%22button%22%20value=%22%EC%9A%B0%ED%8E%B8%EB%B2%88%ED%98%B8%22%20onclick=%22zipcodesearch()%22%3E%0D%0A%09%3C/p%3E%0D%0A%09%3Ca%20href=%22javascript:filladd('15080',%20'%EC%84%9C%EC%9A%B8%ED%8A%B9%EB%B3%84%EC%8B%9C%20%EC%98%81%EB%93%B1%ED%8F%AC%EA%B5%AC%20%EB%8B%B9%EC%82%B01%EB%8F%99')%22%3E15080%20%EC%84%9C%EC%9A%B8%ED%8A%B9%EB%B3%84%EC%8B%9C%20%EC%98%81%EB%93%B1%ED%8F%AC%EA%B5%AC%20%EB%8B%B9%EC%82%B01%EB%8F%99%3C/a%3E%0D%0A%09%3Cbr%3E%0D%0A%3C/body%3E%0D%0A%3C/html%3E (17)

10월 26, 2021 19:29:24.156 NEW SESSION
10월 26, 2021 19:29:24.157 [9576:15324:1026/192924.148:ERROR:chrome_browser_main_extra_parts_metrics.cc(230)] crbug.com/1216328: Checking Bluetooth availability started. Please report if there is no report that this ends.
10월 26, 2021 19:29:24.205 [9576:15324:1026/192924.148:ERROR:chrome_browser_main_extra_parts_metrics.cc(233)] crbug.com/1216328: Checking Bluetooth availability ended.
10월 26, 2021 19:29:24.205 [9576:15324:1026/192924.148:ERROR:chrome_browser_main_extra_parts_metrics.cc(236)] crbug.com/1216328: Checking default browser status started. Please report if there is no report that this ends.
10월 26, 2021 19:29:24.205 [9576:15324:1026/192924.153:ERROR:chrome_browser_main_extra_parts_metrics.cc(240)] crbug.com/1216328: Checking default browser status ended.
10월 26, 2021 19:29:24.206 [9576:9496:1026/192924.166:ERROR:device_event_log_impl.cc(214)] [19:29:24.167] Bluetooth: bluetooth_adapter_winrt.cc:1073 Getting Default Adapter failed.
10월 26, 2021 19:35:39.625 [9576:3764:1026/193539.625:ERROR:mcs_client.cc(755)] Received close command, resetting connection.
10월 26, 2021 19:45:32.246 [11416:5504:1026/194532.246:ERROR:chrome_browser_main_extra_parts_metrics.cc(230)] crbug.com/1216328: Checking Bluetooth availability started. Please report if there is no report that this ends.
10월 26, 2021 19:45:32.246 [11416:5504:1026/194532.246:ERROR:chrome_browser_main_extra_parts_metrics.cc(233)] crbug.com/1216328: Checking Bluetooth availability ended.
10월 26, 2021 19:45:32.247 [11416:5504:1026/194532.246:ERROR:chrome_browser_main_extra_parts_metrics.cc(236)] crbug.com/1216328: Checking default browser status started. Please report if there is no report that this ends.
10월 26, 2021 19:45:32.249 [11416:5504:1026/194532.249:ERROR:chrome_browser_main_extra_parts_metrics.cc(240)] crbug.com/1216328: Checking default browser status ended.
10월 26, 2021 19:45:32.264 [11416:15408:1026/194532.264:ERROR:device_event_log_impl.cc(214)] [19:45:32.264] Bluetooth: bluetooth_adapter_winrt.cc:1073 Getting Default Adapter failed.
10월 26, 2021 19:46:50.992 [14244:1516:1026/194650.992:ERROR:chrome_browser_main_extra_parts_metrics.cc(230)] crbug.com/1216328: Checking Bluetooth availability started. Please report if there is no report that this ends.
10월 26, 2021 19:46:50.992 [14244:1516:1026/194650.992:ERROR:chrome_browser_main_extra_parts_metrics.cc(233)] crbug.com/1216328: Checking Bluetooth availability ended.
10월 26, 2021 19:46:50.992 [14244:1516:1026/194650.992:ERROR:chrome_browser_main_extra_parts_metrics.cc(236)] crbug.com/1216328: Checking default browser status started. Please report if there is no report that this ends.
10월 26, 2021 19:46:50.995 [14244:1516:1026/194650.995:ERROR:chrome_browser_main_extra_parts_metrics.cc(240)] crbug.com/1216328: Checking default browser status ended.
10월 26, 2021 19:46:51.07 [14244:15192:1026/194651.007:ERROR:device_event_log_impl.cc(214)] [19:46:51.007] Bluetooth: bluetooth_adapter_winrt.cc:1073 Getting Default Adapter failed.
10월 26, 2021 20:33:06.788 [14308:272:1026/203306.788:ERROR:chrome_browser_main_extra_parts_metrics.cc(230)] crbug.com/1216328: Checking Bluetooth availability started. Please report if there is no report that this ends.
10월 26, 2021 20:33:06.789 [14308:272:1026/203306.788:ERROR:chrome_browser_main_extra_parts_metrics.cc(233)] crbug.com/1216328: Checking Bluetooth availability ended.
10월 26, 2021 20:33:06.789 [14308:272:1026/203306.788:ERROR:chrome_browser_main_extra_parts_metrics.cc(236)] crbug.com/1216328: Checking default browser status started. Please report if there is no report that this ends.
10월 26, 2021 20:33:06.793 [14308:272:1026/203306.793:ERROR:chrome_browser_main_extra_parts_metrics.cc(240)] crbug.com/1216328: Checking default browser status ended.
10월 26, 2021 20:33:06.807 [14308:7260:1026/203306.807:ERROR:device_event_log_impl.cc(214)] [20:33:06.807] Bluetooth: bluetooth_adapter_winrt.cc:1073 Getting Default Adapter failed.
10월 26, 2021 20:40:00.420 [9692:3764:1026/204000.420:ERROR:chrome_browser_main_extra_parts_metrics.cc(230)] crbug.com/1216328: Checking Bluetooth availability started. Please report if there is no report that this ends.
10월 26, 2021 20:40:00.420 [9692:3764:1026/204000.420:ERROR:chrome_browser_main_extra_parts_metrics.cc(233)] crbug.com/1216328: Checking Bluetooth availability ended.
10월 26, 2021 20:40:00.420 [9692:3764:1026/204000.420:ERROR:chrome_browser_main_extra_parts_metrics.cc(236)] crbug.com/1216328: Checking default browser status started. Please report if there is no report that this ends.
10월 26, 2021 20:40:00.423 [9692:3764:1026/204000.423:ERROR:chrome_browser_main_extra_parts_metrics.cc(240)] crbug.com/1216328: Checking default browser status ended.
10월 26, 2021 20:40:00.435 [9692:5492:1026/204000.435:ERROR:device_event_log_impl.cc(214)] [20:40:00.434] Bluetooth: bluetooth_adapter_winrt.cc:1073 Getting Default Adapter failed.

11월 02, 2021 18:15:32.117 NEW SESSION
11월 02, 2021 18:15:32.117 [5532:17260:1102/181532.107:ERROR:chrome_browser_main_extra_parts_metrics.cc(230)] crbug.com/1216328: Checking Bluetooth availability started. Please report if there is no report that this ends.
11월 02, 2021 18:15:32.117 [5532:17260:1102/181532.107:ERROR:chrome_browser_main_extra_parts_metrics.cc(233)] crbug.com/1216328: Checking Bluetooth availability ended.
11월 02, 2021 18:15:32.117 [5532:17260:1102/181532.107:ERROR:chrome_browser_main_extra_parts_metrics.cc(236)] crbug.com/1216328: Checking default browser status started. Please report if there is no report that this ends.
11월 02, 2021 18:15:32.117 [5532:17260:1102/181532.112:ERROR:chrome_browser_main_extra_parts_metrics.cc(240)] crbug.com/1216328: Checking default browser status ended.
11월 02, 2021 18:15:32.140 [5532:16576:1102/181532.140:ERROR:device_event_log_impl.cc(214)] [18:15:32.139] Bluetooth: bluetooth_adapter_winrt.cc:1073 Getting Default Adapter failed.
